{"meta":{},"level":"error","message":"Could not get the genres."}
{"level":"error","message":"Could not get the genres.Could not get the genres.","stack":"Error: Could not get the genres.\n    at router.get (/home/fahmi/Documents/express_app/routes/genres.js:9:9)\n    at newFn (/home/fahmi/Documents/express_app/node_modules/express-async-errors/index.js:16:20)\n    at Layer.handle [as handle_request] (/home/fahmi/Documents/express_app/node_modules/express/lib/router/layer.js:95:5)\n    at next (/home/fahmi/Documents/express_app/node_modules/express/lib/router/route.js:137:13)\n    at Route.dispatch (/home/fahmi/Documents/express_app/node_modules/express/lib/router/route.js:112:3)\n    at newFn (/home/fahmi/Documents/express_app/node_modules/express-async-errors/index.js:16:20)\n    at Layer.handle [as handle_request] (/home/fahmi/Documents/express_app/node_modules/express/lib/router/layer.js:95:5)\n    at /home/fahmi/Documents/express_app/node_modules/express/lib/router/index.js:281:22\n    at Function.process_params (/home/fahmi/Documents/express_app/node_modules/express/lib/router/index.js:335:12)\n    at next (/home/fahmi/Documents/express_app/node_modules/express/lib/router/index.js:275:10)\n    at Function.handle (/home/fahmi/Documents/express_app/node_modules/express/lib/router/index.js:174:3)\n    at router (/home/fahmi/Documents/express_app/node_modules/express/lib/router/index.js:47:12)\n    at newFn (/home/fahmi/Documents/express_app/node_modules/express-async-errors/index.js:16:20)\n    at Layer.handle [as handle_request] (/home/fahmi/Documents/express_app/node_modules/express/lib/router/layer.js:95:5)\n    at trim_prefix (/home/fahmi/Documents/express_app/node_modules/express/lib/router/index.js:317:13)\n    at /home/fahmi/Documents/express_app/node_modules/express/lib/router/index.js:284:7\n    at Function.process_params (/home/fahmi/Documents/express_app/node_modules/express/lib/router/index.js:335:12)\n    at next (/home/fahmi/Documents/express_app/node_modules/express/lib/router/index.js:275:10)\n    at jsonParser (/home/fahmi/Documents/express_app/node_modules/body-parser/lib/types/json.js:110:7)\n    at newFn (/home/fahmi/Documents/express_app/node_modules/express-async-errors/index.js:16:20)\n    at Layer.handle [as handle_request] (/home/fahmi/Documents/express_app/node_modules/express/lib/router/layer.js:95:5)\n    at trim_prefix (/home/fahmi/Documents/express_app/node_modules/express/lib/router/index.js:317:13)"}
{"level":"error","message":"Could not get the genres.Could not get the genres.","stack":"Error: Could not get the genres.\n    at router.get (/home/fahmi/Documents/express_app/routes/genres.js:9:9)\n    at newFn (/home/fahmi/Documents/express_app/node_modules/express-async-errors/index.js:16:20)\n    at Layer.handle [as handle_request] (/home/fahmi/Documents/express_app/node_modules/express/lib/router/layer.js:95:5)\n    at next (/home/fahmi/Documents/express_app/node_modules/express/lib/router/route.js:137:13)\n    at Route.dispatch (/home/fahmi/Documents/express_app/node_modules/express/lib/router/route.js:112:3)\n    at newFn (/home/fahmi/Documents/express_app/node_modules/express-async-errors/index.js:16:20)\n    at Layer.handle [as handle_request] (/home/fahmi/Documents/express_app/node_modules/express/lib/router/layer.js:95:5)\n    at /home/fahmi/Documents/express_app/node_modules/express/lib/router/index.js:281:22\n    at Function.process_params (/home/fahmi/Documents/express_app/node_modules/express/lib/router/index.js:335:12)\n    at next (/home/fahmi/Documents/express_app/node_modules/express/lib/router/index.js:275:10)\n    at Function.handle (/home/fahmi/Documents/express_app/node_modules/express/lib/router/index.js:174:3)\n    at router (/home/fahmi/Documents/express_app/node_modules/express/lib/router/index.js:47:12)\n    at newFn (/home/fahmi/Documents/express_app/node_modules/express-async-errors/index.js:16:20)\n    at Layer.handle [as handle_request] (/home/fahmi/Documents/express_app/node_modules/express/lib/router/layer.js:95:5)\n    at trim_prefix (/home/fahmi/Documents/express_app/node_modules/express/lib/router/index.js:317:13)\n    at /home/fahmi/Documents/express_app/node_modules/express/lib/router/index.js:284:7\n    at Function.process_params (/home/fahmi/Documents/express_app/node_modules/express/lib/router/index.js:335:12)\n    at next (/home/fahmi/Documents/express_app/node_modules/express/lib/router/index.js:275:10)\n    at jsonParser (/home/fahmi/Documents/express_app/node_modules/body-parser/lib/types/json.js:110:7)\n    at newFn (/home/fahmi/Documents/express_app/node_modules/express-async-errors/index.js:16:20)\n    at Layer.handle [as handle_request] (/home/fahmi/Documents/express_app/node_modules/express/lib/router/layer.js:95:5)\n    at trim_prefix (/home/fahmi/Documents/express_app/node_modules/express/lib/router/index.js:317:13)"}
{"message":"Could not get the genres.","stack":"Error: Could not get the genres.\n    at router.get (/home/fahmi/Documents/express_app/routes/genres.js:9:9)\n    at newFn (/home/fahmi/Documents/express_app/node_modules/express-async-errors/index.js:16:20)\n    at Layer.handle [as handle_request] (/home/fahmi/Documents/express_app/node_modules/express/lib/router/layer.js:95:5)\n    at next (/home/fahmi/Documents/express_app/node_modules/express/lib/router/route.js:137:13)\n    at Route.dispatch (/home/fahmi/Documents/express_app/node_modules/express/lib/router/route.js:112:3)\n    at newFn (/home/fahmi/Documents/express_app/node_modules/express-async-errors/index.js:16:20)\n    at Layer.handle [as handle_request] (/home/fahmi/Documents/express_app/node_modules/express/lib/router/layer.js:95:5)\n    at /home/fahmi/Documents/express_app/node_modules/express/lib/router/index.js:281:22\n    at Function.process_params (/home/fahmi/Documents/express_app/node_modules/express/lib/router/index.js:335:12)\n    at next (/home/fahmi/Documents/express_app/node_modules/express/lib/router/index.js:275:10)\n    at Function.handle (/home/fahmi/Documents/express_app/node_modules/express/lib/router/index.js:174:3)\n    at router (/home/fahmi/Documents/express_app/node_modules/express/lib/router/index.js:47:12)\n    at newFn (/home/fahmi/Documents/express_app/node_modules/express-async-errors/index.js:16:20)\n    at Layer.handle [as handle_request] (/home/fahmi/Documents/express_app/node_modules/express/lib/router/layer.js:95:5)\n    at trim_prefix (/home/fahmi/Documents/express_app/node_modules/express/lib/router/index.js:317:13)\n    at /home/fahmi/Documents/express_app/node_modules/express/lib/router/index.js:284:7\n    at Function.process_params (/home/fahmi/Documents/express_app/node_modules/express/lib/router/index.js:335:12)\n    at next (/home/fahmi/Documents/express_app/node_modules/express/lib/router/index.js:275:10)\n    at jsonParser (/home/fahmi/Documents/express_app/node_modules/body-parser/lib/types/json.js:110:7)\n    at newFn (/home/fahmi/Documents/express_app/node_modules/express-async-errors/index.js:16:20)\n    at Layer.handle [as handle_request] (/home/fahmi/Documents/express_app/node_modules/express/lib/router/layer.js:95:5)\n    at trim_prefix (/home/fahmi/Documents/express_app/node_modules/express/lib/router/index.js:317:13)","level":"error","timestamp":"2019-07-10T01:46:51.679Z"}
{"message":"Something failed during startup.","stack":"Error: Something failed during startup.\n    at Object.<anonymous> (/home/fahmi/Documents/express_app/index.js:26:7)\n    at Module._compile (internal/modules/cjs/loader.js:776:30)\n    at Object.Module._extensions..js (internal/modules/cjs/loader.js:787:10)\n    at Module.load (internal/modules/cjs/loader.js:653:32)\n    at tryModuleLoad (internal/modules/cjs/loader.js:593:12)\n    at Function.Module._load (internal/modules/cjs/loader.js:585:3)\n    at Function.Module.runMain (internal/modules/cjs/loader.js:829:12)\n    at startup (internal/bootstrap/node.js:283:19)\n    at bootstrapNodeJSCore (internal/bootstrap/node.js:622:3)","level":"error","timestamp":"2019-07-10T03:54:56.473Z"}
{"message":"Something failed miserably!","stack":"Error: Something failed miserably!\n    at Object.<anonymous> (/home/fahmi/Documents/express_app/index.js:31:26)\n    at Module._compile (internal/modules/cjs/loader.js:776:30)\n    at Object.Module._extensions..js (internal/modules/cjs/loader.js:787:10)\n    at Module.load (internal/modules/cjs/loader.js:653:32)\n    at tryModuleLoad (internal/modules/cjs/loader.js:593:12)\n    at Function.Module._load (internal/modules/cjs/loader.js:585:3)\n    at Function.Module.runMain (internal/modules/cjs/loader.js:829:12)\n    at startup (internal/bootstrap/node.js:283:19)\n    at bootstrapNodeJSCore (internal/bootstrap/node.js:622:3)","level":"error","timestamp":"2019-07-10T04:03:24.255Z"}
{"level":"info","message":"Connected to MongoDB...","timestamp":"2019-07-10T05:01:00.403Z"}
{"level":"info","message":"Connected to MongoDB...","timestamp":"2019-07-10T05:46:52.462Z"}
{"level":"info","message":"Connected to mongodb://localhost/playground...","timestamp":"2019-07-10T07:47:44.730Z"}
{"level":"info","message":"Connected to mongodb://localhost/playground...","timestamp":"2019-07-10T07:48:28.046Z"}
{"level":"info","message":"Connected to mongodb://localhost/vidly_tests...","timestamp":"2019-07-10T07:50:36.837Z"}
{"level":"info","message":"Listening on port 3000 ...","timestamp":"2019-07-10T12:03:29.778Z"}
{"level":"info","message":"Connected to mongodb://localhost/vidly_tests...","timestamp":"2019-07-10T12:03:29.858Z"}
{"level":"info","message":"Listening on port 3000 ...","timestamp":"2019-07-10T12:16:16.162Z"}
{"level":"info","message":"Connected to mongodb://localhost/vidly_tests...","timestamp":"2019-07-10T12:16:16.253Z"}
{"level":"info","message":"Listening on port 3000 ...","timestamp":"2019-07-10T12:16:56.925Z"}
{"level":"info","message":"Connected to mongodb://localhost/vidly_tests...","timestamp":"2019-07-10T12:16:56.992Z"}
{"level":"info","message":"Listening on port 3000 ...","timestamp":"2019-07-10T12:17:35.253Z"}
{"level":"info","message":"Connected to mongodb://localhost/vidly_tests...","timestamp":"2019-07-10T12:17:35.344Z"}
{"level":"info","message":"Listening on port 3000 ...","timestamp":"2019-07-10T12:20:15.547Z"}
{"level":"info","message":"Connected to mongodb://localhost/vidly_tests...","timestamp":"2019-07-10T12:20:15.652Z"}
{"level":"info","message":"Listening on port 3000 ...","timestamp":"2019-07-10T12:24:30.662Z"}
{"level":"info","message":"Connected to mongodb://localhost/vidly_tests...","timestamp":"2019-07-10T12:24:30.730Z"}
{"level":"info","message":"Listening on port 3000 ...","timestamp":"2019-07-10T12:25:25.060Z"}
{"level":"info","message":"Connected to mongodb://localhost/vidly_tests...","timestamp":"2019-07-10T12:25:25.127Z"}
{"level":"info","message":"Listening on port 3000 ...","timestamp":"2019-07-10T12:28:07.847Z"}
{"level":"info","message":"Connected to mongodb://localhost/vidly_tests...","timestamp":"2019-07-10T12:28:07.940Z"}
{"level":"info","message":"Listening on port 3000 ...","timestamp":"2019-07-10T12:29:06.935Z"}
{"level":"info","message":"Connected to mongodb://localhost/vidly_tests...","timestamp":"2019-07-10T12:29:07.000Z"}
{"level":"info","message":"Listening on port 3000 ...","timestamp":"2019-07-10T12:31:34.178Z"}
{"level":"info","message":"Connected to mongodb://localhost/vidly_tests...","timestamp":"2019-07-10T12:31:34.268Z"}
{"level":"info","message":"Listening on port 3000 ...","timestamp":"2019-07-10T12:31:50.793Z"}
{"level":"info","message":"Connected to mongodb://localhost/vidly_tests...","timestamp":"2019-07-10T12:31:50.882Z"}
{"level":"info","message":"Listening on port 3000 ...","timestamp":"2019-07-10T12:31:59.578Z"}
{"level":"info","message":"Connected to mongodb://localhost/vidly_tests...","timestamp":"2019-07-10T12:31:59.677Z"}
{"level":"info","message":"Listening on port 3000 ...","timestamp":"2019-07-10T12:32:31.956Z"}
{"level":"info","message":"Connected to mongodb://localhost/vidly_tests...","timestamp":"2019-07-10T12:32:32.057Z"}
{"level":"info","message":"Listening on port 3000 ...","timestamp":"2019-07-10T12:32:43.626Z"}
{"level":"info","message":"Connected to mongodb://localhost/vidly_tests...","timestamp":"2019-07-10T12:32:43.696Z"}
{"level":"info","message":"Listening on port 3000 ...","timestamp":"2019-07-10T12:33:32.106Z"}
{"level":"info","message":"Connected to mongodb://localhost/vidly_tests...","timestamp":"2019-07-10T12:33:32.178Z"}
{"level":"info","message":"Listening on port 3000 ...","timestamp":"2019-07-10T12:33:56.590Z"}
{"level":"info","message":"Connected to mongodb://localhost/vidly_tests...","timestamp":"2019-07-10T12:33:56.660Z"}
{"level":"info","message":"Listening on port 3000 ...","timestamp":"2019-07-10T12:34:02.947Z"}
{"level":"info","message":"Connected to mongodb://localhost/vidly_tests...","timestamp":"2019-07-10T12:34:03.013Z"}
{"level":"info","message":"Listening on port 3000 ...","timestamp":"2019-07-10T12:34:39.217Z"}
{"level":"info","message":"Connected to mongodb://localhost/vidly_tests...","timestamp":"2019-07-10T12:34:39.285Z"}
{"level":"info","message":"Listening on port 3000 ...","timestamp":"2019-07-10T12:34:49.222Z"}
{"level":"info","message":"Connected to mongodb://localhost/vidly_tests...","timestamp":"2019-07-10T12:34:49.319Z"}
{"level":"info","message":"Listening on port 3000 ...","timestamp":"2019-07-10T12:35:45.235Z"}
{"level":"info","message":"Connected to mongodb://localhost/vidly_tests...","timestamp":"2019-07-10T12:35:45.328Z"}
{"level":"info","message":"Listening on port 3000 ...","timestamp":"2019-07-10T12:36:14.267Z"}
{"level":"info","message":"Connected to mongodb://localhost/vidly_tests...","timestamp":"2019-07-10T12:36:14.334Z"}
{"level":"info","message":"Listening on port 3000 ...","timestamp":"2019-07-10T12:36:25.257Z"}
{"level":"info","message":"Connected to mongodb://localhost/vidly_tests...","timestamp":"2019-07-10T12:36:25.325Z"}
{"level":"info","message":"Listening on port 3000 ...","timestamp":"2019-07-10T12:36:53.229Z"}
{"level":"info","message":"Connected to mongodb://localhost/vidly_tests...","timestamp":"2019-07-10T12:36:53.328Z"}
{"level":"info","message":"Listening on port 3000 ...","timestamp":"2019-07-10T12:37:03.010Z"}
{"level":"info","message":"Connected to mongodb://localhost/vidly_tests...","timestamp":"2019-07-10T12:37:03.105Z"}
{"level":"info","message":"Listening on port 3000 ...","timestamp":"2019-07-10T13:33:47.901Z"}
{"level":"info","message":"Connected to mongodb://localhost/vidly_tests...","timestamp":"2019-07-10T13:33:47.996Z"}
{"level":"info","message":"Listening on port 3000 ...","timestamp":"2019-07-10T13:33:54.872Z"}
{"level":"info","message":"Connected to mongodb://localhost/vidly_tests...","timestamp":"2019-07-10T13:33:54.968Z"}
{"level":"info","message":"Listening on port 3000 ...","timestamp":"2019-07-10T23:16:43.072Z"}
{"level":"info","message":"Connected to mongodb://localhost/vidly_tests...","timestamp":"2019-07-10T23:16:43.122Z"}
{"level":"info","message":"Listening on port 3000 ...","timestamp":"2019-07-10T23:17:36.272Z"}
{"level":"info","message":"Connected to mongodb://localhost/vidly_tests...","timestamp":"2019-07-10T23:17:36.322Z"}
{"level":"info","message":"Listening on port 3000 ...","timestamp":"2019-07-10T23:24:45.735Z"}
{"level":"info","message":"Connected to mongodb://localhost/vidly_tests...","timestamp":"2019-07-10T23:24:45.785Z"}
{"level":"info","message":"Listening on port 3000 ...","timestamp":"2019-07-10T23:25:21.593Z"}
{"level":"info","message":"Connected to mongodb://localhost/vidly_tests...","timestamp":"2019-07-10T23:25:21.661Z"}
{"level":"info","message":"Listening on port 3000 ...","timestamp":"2019-07-10T23:25:41.784Z"}
{"level":"info","message":"Connected to mongodb://localhost/vidly_tests...","timestamp":"2019-07-10T23:25:41.852Z"}
{"level":"info","message":"Listening on port 3000 ...","timestamp":"2019-07-10T23:26:09.036Z"}
{"level":"info","message":"Connected to mongodb://localhost/vidly_tests...","timestamp":"2019-07-10T23:26:09.101Z"}
{"level":"info","message":"Listening on port 3000 ...","timestamp":"2019-07-10T23:43:44.795Z"}
{"level":"info","message":"Connected to mongodb://localhost/vidly_tests...","timestamp":"2019-07-10T23:43:44.848Z"}
{"level":"info","message":"Listening on port 3000 ...","timestamp":"2019-07-10T23:46:29.870Z"}
{"level":"info","message":"Connected to mongodb://localhost/vidly_tests...","timestamp":"2019-07-10T23:46:29.921Z"}
{"level":"info","message":"Listening on port 3000 ...","timestamp":"2019-07-10T23:48:11.945Z"}
{"level":"info","message":"Connected to mongodb://localhost/vidly_tests...","timestamp":"2019-07-10T23:48:12.004Z"}
{"level":"info","message":"Listening on port 3000 ...","timestamp":"2019-07-10T23:49:31.980Z"}
{"level":"info","message":"Connected to mongodb://localhost/vidly_tests...","timestamp":"2019-07-10T23:49:32.043Z"}
{"level":"info","message":"Listening on port 3000 ...","timestamp":"2019-07-10T23:50:37.533Z"}
{"level":"info","message":"Connected to mongodb://localhost/vidly_tests...","timestamp":"2019-07-10T23:50:37.587Z"}
{"level":"info","message":"Listening on port 3000 ...","timestamp":"2019-07-10T23:52:48.206Z"}
{"level":"info","message":"Connected to mongodb://localhost/vidly_tests...","timestamp":"2019-07-10T23:52:48.257Z"}
{"level":"info","message":"Listening on port 3000 ...","timestamp":"2019-07-10T23:56:19.149Z"}
{"level":"info","message":"Connected to mongodb://localhost/vidly_tests...","timestamp":"2019-07-10T23:56:19.197Z"}
{"level":"info","message":"Listening on port 3000 ...","timestamp":"2019-07-11T00:00:28.054Z"}
{"level":"info","message":"Connected to mongodb://localhost/vidly_tests...","timestamp":"2019-07-11T00:00:28.104Z"}
{"level":"info","message":"Listening on port 3000 ...","timestamp":"2019-07-11T00:07:24.679Z"}
{"level":"info","message":"Connected to mongodb://localhost/vidly_tests...","timestamp":"2019-07-11T00:07:24.728Z"}
{"level":"info","message":"Listening on port 3000 ...","timestamp":"2019-07-11T00:10:07.536Z"}
{"level":"info","message":"Connected to mongodb://localhost/vidly_tests...","timestamp":"2019-07-11T00:10:07.594Z"}
{"level":"info","message":"Listening on port 3000 ...","timestamp":"2019-07-11T00:13:38.906Z"}
{"level":"info","message":"Connected to mongodb://localhost/vidly_tests...","timestamp":"2019-07-11T00:13:38.959Z"}
{"level":"info","message":"Listening on port 3000 ...","timestamp":"2019-07-11T00:15:13.557Z"}
{"level":"info","message":"Connected to mongodb://localhost/vidly_tests...","timestamp":"2019-07-11T00:15:13.612Z"}
{"level":"info","message":"Listening on port 3000 ...","timestamp":"2019-07-11T00:24:30.548Z"}
{"level":"info","message":"Connected to mongodb://localhost/vidly_tests...","timestamp":"2019-07-11T00:24:30.602Z"}
{"level":"info","message":"Listening on port 3000 ...","timestamp":"2019-07-11T00:27:29.265Z"}
{"level":"info","message":"Connected to mongodb://localhost/vidly_tests...","timestamp":"2019-07-11T00:27:29.315Z"}
{"level":"info","message":"Listening on port 3000 ...","timestamp":"2019-07-11T00:40:07.719Z"}
{"level":"info","message":"Connected to mongodb://localhost/vidly_tests...","timestamp":"2019-07-11T00:40:07.770Z"}
{"level":"info","message":"Listening on port 3000 ...","timestamp":"2019-07-11T00:57:09.257Z"}
{"level":"info","message":"Connected to mongodb://localhost/vidly_tests...","timestamp":"2019-07-11T00:57:09.322Z"}
{"level":"info","message":"Listening on port 3000 ...","timestamp":"2019-07-11T00:58:51.481Z"}
{"level":"info","message":"Connected to mongodb://localhost/vidly_tests...","timestamp":"2019-07-11T00:58:51.530Z"}
{"level":"info","message":"Listening on port 3000 ...","timestamp":"2019-07-11T01:01:13.468Z"}
{"level":"info","message":"Connected to mongodb://localhost/vidly_tests...","timestamp":"2019-07-11T01:01:13.524Z"}
{"level":"info","message":"Listening on port 3000 ...","timestamp":"2019-07-11T01:12:08.447Z"}
{"level":"info","message":"Connected to mongodb://localhost/vidly_tests...","timestamp":"2019-07-11T01:12:08.499Z"}
{"level":"info","message":"Listening on port 3000 ...","timestamp":"2019-07-11T01:12:08.674Z"}
{"level":"info","message":"Listening on port 3000 ...","timestamp":"2019-07-11T01:13:53.003Z"}
{"level":"info","message":"Connected to mongodb://localhost/vidly_tests...","timestamp":"2019-07-11T01:13:53.055Z"}
{"level":"info","message":"Listening on port 3000 ...","timestamp":"2019-07-11T01:13:53.212Z"}
{"level":"info","message":"Listening on port 3000 ...","timestamp":"2019-07-11T01:16:26.995Z"}
{"level":"info","message":"Connected to mongodb://localhost/vidly_tests...","timestamp":"2019-07-11T01:16:27.047Z"}
{"level":"info","message":"Listening on port 3000 ...","timestamp":"2019-07-11T01:16:27.199Z"}
{"level":"info","message":"Connected to mongodb://localhost/vidly_tests...","timestamp":"2019-07-11T01:16:27.294Z"}
{"level":"info","message":"Listening on port 3000 ...","timestamp":"2019-07-11T01:18:08.901Z"}
{"level":"info","message":"Connected to mongodb://localhost/vidly_tests...","timestamp":"2019-07-11T01:18:08.958Z"}
{"level":"info","message":"Listening on port 3000 ...","timestamp":"2019-07-11T01:18:09.209Z"}
{"level":"info","message":"Connected to mongodb://localhost/vidly_tests...","timestamp":"2019-07-11T01:18:09.303Z"}
{"level":"info","message":"Listening on port 3000 ...","timestamp":"2019-07-11T01:19:46.201Z"}
{"level":"info","message":"Connected to mongodb://localhost/vidly_tests...","timestamp":"2019-07-11T01:19:46.297Z"}
{"level":"info","message":"Connected to mongodb://localhost/vidly_tests...","timestamp":"2019-07-11T01:19:46.306Z"}
{"level":"info","message":"Listening on port 3000 ...","timestamp":"2019-07-11T01:19:46.319Z"}
{"level":"info","message":"Listening on port 3000 ...","timestamp":"2019-07-11T01:20:14.740Z"}
{"level":"info","message":"Connected to mongodb://localhost/vidly_tests...","timestamp":"2019-07-11T01:20:14.864Z"}
{"level":"info","message":"Listening on port 3000 ...","timestamp":"2019-07-11T01:20:14.928Z"}
{"level":"info","message":"Connected to mongodb://localhost/vidly_tests...","timestamp":"2019-07-11T01:20:14.981Z"}
{"level":"info","message":"Listening on port 3000 ...","timestamp":"2019-07-11T01:21:34.883Z"}
{"level":"info","message":"Connected to mongodb://localhost/vidly_tests...","timestamp":"2019-07-11T01:21:34.936Z"}
{"level":"info","message":"Listening on port 3000 ...","timestamp":"2019-07-11T01:21:35.082Z"}
{"level":"info","message":"Connected to mongodb://localhost/vidly_tests...","timestamp":"2019-07-11T01:21:35.179Z"}
{"level":"info","message":"Listening on port 3000 ...","timestamp":"2019-07-11T01:24:48.606Z"}
{"level":"info","message":"Connected to mongodb://localhost/vidly_tests...","timestamp":"2019-07-11T01:24:48.657Z"}
{"level":"info","message":"Listening on port 3000 ...","timestamp":"2019-07-11T01:24:48.872Z"}
{"level":"info","message":"Connected to mongodb://localhost/vidly_tests...","timestamp":"2019-07-11T01:24:48.966Z"}
{"level":"info","message":"Listening on port 3000 ...","timestamp":"2019-07-11T01:25:01.016Z"}
{"level":"info","message":"Listening on port 3000 ...","timestamp":"2019-07-11T01:25:01.049Z"}
{"level":"info","message":"Connected to mongodb://localhost/vidly_tests...","timestamp":"2019-07-11T01:25:01.067Z"}
{"level":"info","message":"Connected to mongodb://localhost/vidly_tests...","timestamp":"2019-07-11T01:25:01.111Z"}
{"level":"info","message":"Listening on port 3000 ...","timestamp":"2019-07-11T01:25:19.271Z"}
{"level":"info","message":"Connected to mongodb://localhost/vidly_tests...","timestamp":"2019-07-11T01:25:19.326Z"}
{"level":"info","message":"Listening on port 3000 ...","timestamp":"2019-07-11T01:25:19.493Z"}
{"level":"info","message":"Connected to mongodb://localhost/vidly_tests...","timestamp":"2019-07-11T01:25:19.591Z"}
{"level":"info","message":"Listening on port 3000 ...","timestamp":"2019-07-11T01:28:02.847Z"}
{"level":"info","message":"Connected to mongodb://localhost/vidly_tests...","timestamp":"2019-07-11T01:28:02.969Z"}
{"level":"info","message":"Listening on port 3000 ...","timestamp":"2019-07-11T01:28:03.011Z"}
{"level":"info","message":"Connected to mongodb://localhost/vidly_tests...","timestamp":"2019-07-11T01:28:03.065Z"}
{"level":"info","message":"Listening on port 3000 ...","timestamp":"2019-07-11T01:35:08.824Z"}
{"level":"info","message":"Connected to mongodb://localhost/vidly_tests...","timestamp":"2019-07-11T01:35:08.951Z"}
{"level":"info","message":"Listening on port 3000 ...","timestamp":"2019-07-11T01:35:09.082Z"}
{"level":"info","message":"Connected to mongodb://localhost/vidly_tests...","timestamp":"2019-07-11T01:35:09.133Z"}
{"level":"info","message":"Listening on port 3000 ...","timestamp":"2019-07-11T01:39:29.923Z"}
{"level":"info","message":"Connected to mongodb://localhost/vidly_tests...","timestamp":"2019-07-11T01:39:30.086Z"}
{"level":"info","message":"Listening on port 3000 ...","timestamp":"2019-07-11T01:39:30.410Z"}
{"level":"info","message":"Connected to mongodb://localhost/vidly_tests...","timestamp":"2019-07-11T01:39:30.458Z"}
{"level":"info","message":"Listening on port 3000 ...","timestamp":"2019-07-11T01:40:34.900Z"}
{"level":"info","message":"Connected to mongodb://localhost/vidly_tests...","timestamp":"2019-07-11T01:40:35.035Z"}
{"level":"info","message":"Listening on port 3000 ...","timestamp":"2019-07-11T01:40:35.195Z"}
{"level":"info","message":"Connected to mongodb://localhost/vidly_tests...","timestamp":"2019-07-11T01:40:35.247Z"}
{"level":"info","message":"Listening on port 3000 ...","timestamp":"2019-07-11T01:41:15.563Z"}
{"level":"info","message":"Connected to mongodb://localhost/vidly_tests...","timestamp":"2019-07-11T01:41:15.614Z"}
{"level":"info","message":"Listening on port 3000 ...","timestamp":"2019-07-11T01:41:15.634Z"}
{"level":"info","message":"Connected to mongodb://localhost/vidly_tests...","timestamp":"2019-07-11T01:41:15.699Z"}
{"level":"info","message":"Listening on port 3000 ...","timestamp":"2019-07-11T01:41:37.262Z"}
{"level":"info","message":"Connected to mongodb://localhost/vidly_tests...","timestamp":"2019-07-11T01:41:37.361Z"}
{"level":"info","message":"Listening on port 3000 ...","timestamp":"2019-07-11T01:41:37.574Z"}
{"level":"info","message":"Connected to mongodb://localhost/vidly_tests...","timestamp":"2019-07-11T01:41:37.623Z"}
{"level":"info","message":"Listening on port 3000 ...","timestamp":"2019-07-11T02:02:38.820Z"}
{"level":"info","message":"Connected to mongodb://localhost/vidly_tests...","timestamp":"2019-07-11T02:02:38.883Z"}
{"level":"info","message":"Listening on port 3000 ...","timestamp":"2019-07-11T02:02:39.064Z"}
{"level":"info","message":"Connected to mongodb://localhost/vidly_tests...","timestamp":"2019-07-11T02:02:39.163Z"}
{"level":"info","message":"Listening on port 3000 ...","timestamp":"2019-07-11T02:05:29.641Z"}
{"level":"info","message":"Connected to mongodb://localhost/vidly_tests...","timestamp":"2019-07-11T02:05:29.703Z"}
{"level":"info","message":"Listening on port 3000 ...","timestamp":"2019-07-11T02:05:29.877Z"}
{"level":"info","message":"Connected to mongodb://localhost/vidly_tests...","timestamp":"2019-07-11T02:05:29.972Z"}
{"level":"info","message":"Listening on port 3000 ...","timestamp":"2019-07-11T02:11:30.174Z"}
{"level":"info","message":"Connected to mongodb://localhost/vidly_tests...","timestamp":"2019-07-11T02:11:30.287Z"}
{"level":"info","message":"Listening on port 3000 ...","timestamp":"2019-07-11T02:11:30.512Z"}
{"level":"info","message":"Connected to mongodb://localhost/vidly_tests...","timestamp":"2019-07-11T02:11:30.562Z"}
{"level":"info","message":"Listening on port 3000 ...","timestamp":"2019-07-11T02:12:26.280Z"}
{"level":"info","message":"Connected to mongodb://localhost/vidly_tests...","timestamp":"2019-07-11T02:12:26.406Z"}
{"level":"info","message":"Listening on port 3000 ...","timestamp":"2019-07-11T02:12:26.792Z"}
{"level":"info","message":"Connected to mongodb://localhost/vidly_tests...","timestamp":"2019-07-11T02:12:26.842Z"}
{"level":"info","message":"Listening on port 3000 ...","timestamp":"2019-07-11T02:18:49.530Z"}
{"level":"info","message":"Connected to mongodb://localhost/vidly_tests...","timestamp":"2019-07-11T02:18:49.627Z"}
{"level":"info","message":"Listening on port 3000 ...","timestamp":"2019-07-11T02:18:50.066Z"}
{"level":"info","message":"Connected to mongodb://localhost/vidly_tests...","timestamp":"2019-07-11T02:18:50.115Z"}
{"level":"info","message":"Listening on port 3000 ...","timestamp":"2019-07-11T02:19:32.970Z"}
{"level":"info","message":"Connected to mongodb://localhost/vidly_tests...","timestamp":"2019-07-11T02:19:33.036Z"}
{"level":"info","message":"Listening on port 3000 ...","timestamp":"2019-07-11T02:19:33.150Z"}
{"level":"info","message":"Connected to mongodb://localhost/vidly_tests...","timestamp":"2019-07-11T02:19:33.220Z"}
{"level":"info","message":"Listening on port 3000 ...","timestamp":"2019-07-11T02:19:47.622Z"}
{"level":"info","message":"Connected to mongodb://localhost/vidly_tests...","timestamp":"2019-07-11T02:19:47.721Z"}
{"level":"info","message":"Listening on port 3000 ...","timestamp":"2019-07-11T02:19:47.871Z"}
{"level":"info","message":"Connected to mongodb://localhost/vidly_tests...","timestamp":"2019-07-11T02:19:47.919Z"}
{"level":"info","message":"Listening on port 3000 ...","timestamp":"2019-07-11T02:20:16.756Z"}
{"level":"info","message":"Connected to mongodb://localhost/vidly_tests...","timestamp":"2019-07-11T02:20:16.917Z"}
{"level":"info","message":"Listening on port 3000 ...","timestamp":"2019-07-11T02:20:17.029Z"}
{"level":"info","message":"Connected to mongodb://localhost/vidly_tests...","timestamp":"2019-07-11T02:20:17.081Z"}
{"level":"info","message":"Listening on port 3000 ...","timestamp":"2019-07-11T02:20:30.990Z"}
{"level":"info","message":"Connected to mongodb://localhost/vidly_tests...","timestamp":"2019-07-11T02:20:31.084Z"}
{"level":"info","message":"Connected to mongodb://localhost/vidly_tests...","timestamp":"2019-07-11T02:20:31.112Z"}
{"level":"info","message":"Listening on port 3000 ...","timestamp":"2019-07-11T02:20:31.127Z"}
{"level":"info","message":"Listening on port 3000 ...","timestamp":"2019-07-11T02:20:39.855Z"}
{"level":"info","message":"Connected to mongodb://localhost/vidly_tests...","timestamp":"2019-07-11T02:20:39.908Z"}
{"level":"info","message":"Listening on port 3000 ...","timestamp":"2019-07-11T02:20:39.927Z"}
{"level":"info","message":"Connected to mongodb://localhost/vidly_tests...","timestamp":"2019-07-11T02:20:39.991Z"}
{"level":"info","message":"Listening on port 3000 ...","timestamp":"2019-07-11T02:20:55.307Z"}
{"level":"info","message":"Connected to mongodb://localhost/vidly_tests...","timestamp":"2019-07-11T02:20:55.422Z"}
{"level":"info","message":"Listening on port 3000 ...","timestamp":"2019-07-11T02:20:55.535Z"}
{"level":"info","message":"Connected to mongodb://localhost/vidly_tests...","timestamp":"2019-07-11T02:20:55.583Z"}
{"level":"info","message":"Listening on port 3000 ...","timestamp":"2019-07-11T02:22:54.540Z"}
{"level":"info","message":"Connected to mongodb://localhost/vidly_tests...","timestamp":"2019-07-11T02:22:54.602Z"}
{"level":"info","message":"Listening on port 3000 ...","timestamp":"2019-07-11T02:22:54.857Z"}
{"level":"info","message":"Connected to mongodb://localhost/vidly_tests...","timestamp":"2019-07-11T02:22:54.951Z"}
{"level":"info","message":"Listening on port 3000 ...","timestamp":"2019-07-11T02:23:30.233Z"}
{"level":"info","message":"Connected to mongodb://localhost/vidly_tests...","timestamp":"2019-07-11T02:23:30.350Z"}
{"level":"info","message":"Listening on port 3000 ...","timestamp":"2019-07-11T02:23:30.566Z"}
{"level":"info","message":"Connected to mongodb://localhost/vidly_tests...","timestamp":"2019-07-11T02:23:30.653Z"}
{"level":"info","message":"Listening on port 3000 ...","timestamp":"2019-07-11T02:28:45.628Z"}
{"level":"info","message":"Connected to mongodb://localhost/vidly_tests...","timestamp":"2019-07-11T02:28:45.763Z"}
{"level":"info","message":"Listening on port 3000 ...","timestamp":"2019-07-11T02:28:46.190Z"}
{"level":"info","message":"Connected to mongodb://localhost/vidly_tests...","timestamp":"2019-07-11T02:28:46.240Z"}
{"level":"info","message":"Listening on port 3000 ...","timestamp":"2019-07-11T02:30:31.819Z"}
{"level":"info","message":"Connected to mongodb://localhost/vidly_tests...","timestamp":"2019-07-11T02:30:31.883Z"}
{"level":"info","message":"Listening on port 3000 ...","timestamp":"2019-07-11T02:30:31.890Z"}
{"level":"info","message":"Connected to mongodb://localhost/vidly_tests...","timestamp":"2019-07-11T02:30:31.962Z"}
{"level":"info","message":"Listening on port 3000 ...","timestamp":"2019-07-11T02:31:12.224Z"}
{"level":"info","message":"Connected to mongodb://localhost/vidly_tests...","timestamp":"2019-07-11T02:31:12.293Z"}
{"level":"info","message":"Listening on port 3000 ...","timestamp":"2019-07-11T02:31:12.392Z"}
{"level":"info","message":"Connected to mongodb://localhost/vidly_tests...","timestamp":"2019-07-11T02:31:12.488Z"}
{"level":"info","message":"Listening on port 3000 ...","timestamp":"2019-07-11T02:33:11.307Z"}
{"level":"info","message":"Connected to mongodb://localhost/vidly_tests...","timestamp":"2019-07-11T02:33:11.416Z"}
{"level":"info","message":"Connected to mongodb://localhost/vidly_tests...","timestamp":"2019-07-11T02:33:11.446Z"}
{"level":"info","message":"Listening on port 3000 ...","timestamp":"2019-07-11T02:33:11.460Z"}
{"level":"info","message":"Listening on port 3000 ...","timestamp":"2019-07-11T02:33:38.644Z"}
{"level":"info","message":"Connected to mongodb://localhost/vidly_tests...","timestamp":"2019-07-11T02:33:38.753Z"}
{"level":"info","message":"Listening on port 3000 ...","timestamp":"2019-07-11T02:33:39.157Z"}
{"level":"info","message":"Connected to mongodb://localhost/vidly_tests...","timestamp":"2019-07-11T02:33:39.206Z"}
{"level":"info","message":"Listening on port 3000 ...","timestamp":"2019-07-11T02:34:47.063Z"}
{"level":"info","message":"Connected to mongodb://localhost/vidly_tests...","timestamp":"2019-07-11T02:34:47.172Z"}
{"level":"info","message":"Listening on port 3000 ...","timestamp":"2019-07-11T02:34:47.625Z"}
{"level":"info","message":"Connected to mongodb://localhost/vidly_tests...","timestamp":"2019-07-11T02:34:47.674Z"}
{"level":"info","message":"Listening on port 3000 ...","timestamp":"2019-07-11T02:35:49.577Z"}
{"level":"info","message":"Connected to mongodb://localhost/vidly_tests...","timestamp":"2019-07-11T02:35:49.648Z"}
{"level":"info","message":"Listening on port 3000 ...","timestamp":"2019-07-11T02:35:49.626Z"}
{"level":"info","message":"Connected to mongodb://localhost/vidly_tests...","timestamp":"2019-07-11T02:35:49.701Z"}
{"level":"info","message":"Listening on port 3000 ...","timestamp":"2019-07-11T02:35:58.846Z"}
{"level":"info","message":"Connected to mongodb://localhost/vidly_tests...","timestamp":"2019-07-11T02:35:58.900Z"}
{"level":"info","message":"Listening on port 3000 ...","timestamp":"2019-07-11T02:35:58.925Z"}
{"level":"info","message":"Connected to mongodb://localhost/vidly_tests...","timestamp":"2019-07-11T02:35:58.989Z"}
{"level":"info","message":"Listening on port 3000 ...","timestamp":"2019-07-11T02:36:16.062Z"}
{"level":"info","message":"Connected to mongodb://localhost/vidly_tests...","timestamp":"2019-07-11T02:36:16.171Z"}
{"level":"info","message":"Listening on port 3000 ...","timestamp":"2019-07-11T02:36:16.283Z"}
{"level":"info","message":"Connected to mongodb://localhost/vidly_tests...","timestamp":"2019-07-11T02:36:16.335Z"}
{"level":"info","message":"Listening on port 3000 ...","timestamp":"2019-07-11T02:37:08.488Z"}
{"level":"info","message":"Connected to mongodb://localhost/vidly_tests...","timestamp":"2019-07-11T02:37:08.623Z"}
{"level":"info","message":"Connected to mongodb://localhost/vidly_tests...","timestamp":"2019-07-11T02:37:08.647Z"}
{"level":"info","message":"Listening on port 3000 ...","timestamp":"2019-07-11T02:37:08.662Z"}
{"level":"info","message":"Listening on port 3000 ...","timestamp":"2019-07-11T02:37:18.976Z"}
{"level":"info","message":"Listening on port 3000 ...","timestamp":"2019-07-11T02:37:19.000Z"}
{"level":"info","message":"Connected to mongodb://localhost/vidly_tests...","timestamp":"2019-07-11T02:37:19.039Z"}
{"level":"info","message":"Connected to mongodb://localhost/vidly_tests...","timestamp":"2019-07-11T02:37:19.077Z"}
{"level":"info","message":"Listening on port 3000 ...","timestamp":"2019-07-11T02:37:43.283Z"}
{"level":"info","message":"Connected to mongodb://localhost/vidly_tests...","timestamp":"2019-07-11T02:37:43.420Z"}
{"level":"info","message":"Listening on port 3000 ...","timestamp":"2019-07-11T02:37:44.070Z"}
{"level":"info","message":"Connected to mongodb://localhost/vidly_tests...","timestamp":"2019-07-11T02:37:44.119Z"}
{"level":"info","message":"Listening on port 3000 ...","timestamp":"2019-07-11T06:28:56.802Z"}
{"level":"info","message":"Listening on port 3000 ...","timestamp":"2019-07-11T06:28:56.849Z"}
{"level":"info","message":"Connected to mongodb://localhost/vidly_tests...","timestamp":"2019-07-11T06:28:56.889Z"}
{"level":"info","message":"Connected to mongodb://localhost/vidly_tests...","timestamp":"2019-07-11T06:28:56.931Z"}
{"level":"info","message":"Listening on port 3000 ...","timestamp":"2019-07-11T06:34:48.275Z"}
{"level":"info","message":"Connected to mongodb://localhost/vidly_tests...","timestamp":"2019-07-11T06:34:48.484Z"}
{"level":"info","message":"Listening on port 3000 ...","timestamp":"2019-07-11T06:34:48.594Z"}
{"level":"info","message":"Connected to mongodb://localhost/vidly_tests...","timestamp":"2019-07-11T06:34:48.670Z"}
{"level":"info","message":"Listening on port 3000 ...","timestamp":"2019-07-11T06:36:22.163Z"}
{"level":"info","message":"Connected to mongodb://localhost/vidly_tests...","timestamp":"2019-07-11T06:36:22.350Z"}
{"level":"info","message":"Listening on port 3000 ...","timestamp":"2019-07-11T06:36:22.474Z"}
{"level":"info","message":"Connected to mongodb://localhost/vidly_tests...","timestamp":"2019-07-11T06:36:22.533Z"}
{"level":"info","message":"Connected to mongodb://localhost/vidly_tests...","timestamp":"2019-07-11T06:36:23.402Z"}
{"level":"info","message":"Listening on port 3000 ...","timestamp":"2019-07-11T06:37:19.036Z"}
{"level":"info","message":"Connected to mongodb://localhost/vidly_tests...","timestamp":"2019-07-11T06:37:19.145Z"}
{"level":"info","message":"Listening on port 3000 ...","timestamp":"2019-07-11T06:37:19.386Z"}
{"level":"info","message":"Connected to mongodb://localhost/vidly_tests...","timestamp":"2019-07-11T06:37:19.557Z"}
{"level":"info","message":"Listening on port 3000 ...","timestamp":"2019-07-11T06:37:20.056Z"}
{"level":"info","message":"Connected to mongodb://localhost/vidly_tests...","timestamp":"2019-07-11T06:37:20.128Z"}
{"level":"info","message":"Listening on port 3000 ...","timestamp":"2019-07-11T06:39:10.783Z"}
{"level":"info","message":"Connected to mongodb://localhost/vidly_tests...","timestamp":"2019-07-11T06:39:10.874Z"}
{"level":"info","message":"Listening on port 3000 ...","timestamp":"2019-07-11T06:39:11.347Z"}
{"level":"info","message":"Connected to mongodb://localhost/vidly_tests...","timestamp":"2019-07-11T06:39:11.443Z"}
{"level":"info","message":"Listening on port 3000 ...","timestamp":"2019-07-11T06:39:11.467Z"}
{"level":"info","message":"Connected to mongodb://localhost/vidly_tests...","timestamp":"2019-07-11T06:39:11.566Z"}
{"level":"info","message":"Listening on port 3000 ...","timestamp":"2019-07-11T06:39:21.519Z"}
{"level":"info","message":"Connected to mongodb://localhost/vidly_tests...","timestamp":"2019-07-11T06:39:21.629Z"}
{"level":"info","message":"Listening on port 3000 ...","timestamp":"2019-07-11T06:39:22.085Z"}
{"level":"info","message":"Connected to mongodb://localhost/vidly_tests...","timestamp":"2019-07-11T06:39:22.176Z"}
{"level":"info","message":"Connected to mongodb://localhost/vidly_tests...","timestamp":"2019-07-11T06:39:22.314Z"}
{"level":"info","message":"Listening on port 3000 ...","timestamp":"2019-07-11T06:39:22.351Z"}
{"level":"info","message":"Listening on port 3000 ...","timestamp":"2019-07-11T06:39:46.671Z"}
{"level":"info","message":"Connected to mongodb://localhost/vidly_tests...","timestamp":"2019-07-11T06:39:46.806Z"}
{"level":"info","message":"Listening on port 3000 ...","timestamp":"2019-07-11T06:39:47.147Z"}
{"level":"info","message":"Connected to mongodb://localhost/vidly_tests...","timestamp":"2019-07-11T06:39:47.201Z"}
{"level":"info","message":"Listening on port 3000 ...","timestamp":"2019-07-11T06:39:47.473Z"}
{"level":"info","message":"Connected to mongodb://localhost/vidly_tests...","timestamp":"2019-07-11T06:39:47.573Z"}
{"level":"info","message":"Listening on port 3000 ...","timestamp":"2019-07-11T06:41:11.021Z"}
{"level":"info","message":"Connected to mongodb://localhost/vidly_tests...","timestamp":"2019-07-11T06:41:11.155Z"}
{"level":"info","message":"Listening on port 3000 ...","timestamp":"2019-07-11T06:41:11.264Z"}
{"level":"info","message":"Connected to mongodb://localhost/vidly_tests...","timestamp":"2019-07-11T06:41:11.354Z"}
{"level":"info","message":"Listening on port 3000 ...","timestamp":"2019-07-11T06:41:12.026Z"}
{"level":"info","message":"Connected to mongodb://localhost/vidly_tests...","timestamp":"2019-07-11T06:41:12.080Z"}
{"level":"info","message":"Listening on port 3000 ...","timestamp":"2019-07-11T06:46:48.898Z"}
{"level":"info","message":"Connected to mongodb://localhost/vidly_tests...","timestamp":"2019-07-11T06:46:49.020Z"}
{"level":"info","message":"Listening on port 3000 ...","timestamp":"2019-07-11T06:46:49.381Z"}
{"level":"info","message":"Connected to mongodb://localhost/vidly_tests...","timestamp":"2019-07-11T06:46:49.463Z"}
{"level":"info","message":"Connected to mongodb://localhost/vidly_tests...","timestamp":"2019-07-11T06:46:49.545Z"}
{"level":"info","message":"Listening on port 3000 ...","timestamp":"2019-07-11T06:46:49.562Z"}
{"level":"info","message":"Listening on port 3000 ...","timestamp":"2019-07-11T06:47:06.384Z"}
{"level":"info","message":"Connected to mongodb://localhost/vidly_tests...","timestamp":"2019-07-11T06:47:06.519Z"}
{"level":"info","message":"Listening on port 3000 ...","timestamp":"2019-07-11T06:47:06.531Z"}
{"level":"info","message":"Connected to mongodb://localhost/vidly_tests...","timestamp":"2019-07-11T06:47:06.630Z"}
{"level":"info","message":"Listening on port 3000 ...","timestamp":"2019-07-11T06:47:07.063Z"}
{"level":"info","message":"Connected to mongodb://localhost/vidly_tests...","timestamp":"2019-07-11T06:47:07.139Z"}
{"level":"info","message":"Listening on port 3000 ...","timestamp":"2019-07-11T06:47:37.565Z"}
{"level":"info","message":"Connected to mongodb://localhost/vidly_tests...","timestamp":"2019-07-11T06:47:37.684Z"}
{"level":"info","message":"Listening on port 3000 ...","timestamp":"2019-07-11T06:47:37.677Z"}
{"level":"info","message":"Connected to mongodb://localhost/vidly_tests...","timestamp":"2019-07-11T06:47:37.759Z"}
{"level":"info","message":"Listening on port 3000 ...","timestamp":"2019-07-11T06:47:37.966Z"}
{"level":"info","message":"Connected to mongodb://localhost/vidly_tests...","timestamp":"2019-07-11T06:47:38.080Z"}
{"level":"info","message":"Listening on port 3000 ...","timestamp":"2019-07-11T06:53:46.940Z"}
{"level":"info","message":"Connected to mongodb://localhost/vidly_tests...","timestamp":"2019-07-11T06:53:47.020Z"}
{"level":"info","message":"Listening on port 3000 ...","timestamp":"2019-07-11T06:53:47.141Z"}
{"level":"info","message":"Connected to mongodb://localhost/vidly_tests...","timestamp":"2019-07-11T06:53:47.240Z"}
{"level":"info","message":"Listening on port 3000 ...","timestamp":"2019-07-11T06:53:47.346Z"}
{"level":"info","message":"Connected to mongodb://localhost/vidly_tests...","timestamp":"2019-07-11T06:53:47.404Z"}
{"level":"info","message":"Listening on port 3000 ...","timestamp":"2019-07-11T06:53:59.205Z"}
{"level":"info","message":"Connected to mongodb://localhost/vidly_tests...","timestamp":"2019-07-11T06:53:59.368Z"}
{"level":"info","message":"Connected to mongodb://localhost/vidly_tests...","timestamp":"2019-07-11T06:53:59.346Z"}
{"level":"info","message":"Listening on port 3000 ...","timestamp":"2019-07-11T06:53:59.366Z"}
{"level":"info","message":"Listening on port 3000 ...","timestamp":"2019-07-11T06:53:59.379Z"}
{"level":"info","message":"Connected to mongodb://localhost/vidly_tests...","timestamp":"2019-07-11T06:53:59.436Z"}
{"level":"info","message":"Listening on port 3000 ...","timestamp":"2019-07-11T06:54:21.925Z"}
{"level":"info","message":"Connected to mongodb://localhost/vidly_tests...","timestamp":"2019-07-11T06:54:22.063Z"}
{"level":"info","message":"Listening on port 3000 ...","timestamp":"2019-07-11T06:54:22.067Z"}
{"level":"info","message":"Connected to mongodb://localhost/vidly_tests...","timestamp":"2019-07-11T06:54:22.124Z"}
{"level":"info","message":"Connected to mongodb://localhost/vidly_tests...","timestamp":"2019-07-11T06:54:22.336Z"}
{"level":"info","message":"Listening on port 3000 ...","timestamp":"2019-07-11T06:54:22.352Z"}
{"level":"info","message":"Listening on port 3000 ...","timestamp":"2019-07-11T06:54:48.368Z"}
{"level":"info","message":"Connected to mongodb://localhost/vidly_tests...","timestamp":"2019-07-11T06:54:48.426Z"}
{"level":"info","message":"Listening on port 3000 ...","timestamp":"2019-07-11T06:54:48.425Z"}
{"level":"info","message":"Connected to mongodb://localhost/vidly_tests...","timestamp":"2019-07-11T06:54:48.524Z"}
{"level":"info","message":"Listening on port 3000 ...","timestamp":"2019-07-11T06:54:48.711Z"}
{"level":"info","message":"Connected to mongodb://localhost/vidly_tests...","timestamp":"2019-07-11T06:54:48.799Z"}
{"level":"info","message":"Listening on port 3000 ...","timestamp":"2019-07-11T06:55:19.563Z"}
{"level":"info","message":"Connected to mongodb://localhost/vidly_tests...","timestamp":"2019-07-11T06:55:19.641Z"}
{"level":"info","message":"Listening on port 3000 ...","timestamp":"2019-07-11T06:55:19.630Z"}
{"level":"info","message":"Connected to mongodb://localhost/vidly_tests...","timestamp":"2019-07-11T06:55:19.702Z"}
{"level":"info","message":"Listening on port 3000 ...","timestamp":"2019-07-11T06:55:59.913Z"}
{"level":"info","message":"Connected to mongodb://localhost/vidly_tests...","timestamp":"2019-07-11T06:55:59.963Z"}
{"level":"info","message":"Listening on port 3000 ...","timestamp":"2019-07-11T07:37:56.305Z"}
{"level":"info","message":"Connected to mongodb://localhost/vidly_tests...","timestamp":"2019-07-11T07:37:56.367Z"}
{"level":"info","message":"Listening on port 3000 ...","timestamp":"2019-07-11T07:42:21.615Z"}
{"level":"info","message":"Connected to mongodb://localhost/vidly_tests...","timestamp":"2019-07-11T07:42:21.683Z"}
{"level":"info","message":"Listening on port 3000 ...","timestamp":"2019-07-11T07:42:22.799Z"}
{"level":"info","message":"Connected to mongodb://localhost/vidly_tests...","timestamp":"2019-07-11T07:42:22.849Z"}
{"level":"info","message":"Listening on port 3000 ...","timestamp":"2019-07-11T07:42:22.822Z"}
{"level":"info","message":"Connected to mongodb://localhost/vidly_tests...","timestamp":"2019-07-11T07:42:22.936Z"}
{"level":"info","message":"Listening on port 3000 ...","timestamp":"2019-07-11T07:42:54.692Z"}
{"level":"info","message":"Connected to mongodb://localhost/vidly_tests...","timestamp":"2019-07-11T07:42:54.745Z"}
{"level":"info","message":"Listening on port 3000 ...","timestamp":"2019-07-11T07:42:55.081Z"}
{"level":"info","message":"Connected to mongodb://localhost/vidly_tests...","timestamp":"2019-07-11T07:42:55.181Z"}
{"level":"info","message":"Listening on port 3000 ...","timestamp":"2019-07-11T07:42:55.874Z"}
{"level":"info","message":"Connected to mongodb://localhost/vidly_tests...","timestamp":"2019-07-11T07:42:55.950Z"}
{"level":"info","message":"Listening on port 3000 ...","timestamp":"2019-07-11T07:47:11.918Z"}
{"level":"info","message":"Connected to mongodb://localhost/vidly_tests...","timestamp":"2019-07-11T07:47:12.036Z"}
{"level":"info","message":"Connected to mongodb://localhost/vidly_tests...","timestamp":"2019-07-11T07:47:12.040Z"}
{"level":"info","message":"Listening on port 3000 ...","timestamp":"2019-07-11T07:47:12.057Z"}
{"level":"info","message":"Listening on port 3000 ...","timestamp":"2019-07-11T07:47:12.362Z"}
{"level":"info","message":"Connected to mongodb://localhost/vidly_tests...","timestamp":"2019-07-11T07:47:12.476Z"}
{"level":"info","message":"Listening on port 3000 ...","timestamp":"2019-07-11T07:47:59.667Z"}
{"level":"info","message":"Connected to mongodb://localhost/vidly_tests...","timestamp":"2019-07-11T07:47:59.815Z"}
{"level":"info","message":"Listening on port 3000 ...","timestamp":"2019-07-11T07:47:59.987Z"}
{"level":"info","message":"Connected to mongodb://localhost/vidly_tests...","timestamp":"2019-07-11T07:48:00.074Z"}
{"level":"info","message":"Connected to mongodb://localhost/vidly_tests...","timestamp":"2019-07-11T07:48:00.294Z"}
{"level":"info","message":"Listening on port 3000 ...","timestamp":"2019-07-11T07:48:00.318Z"}
{"level":"info","message":"Listening on port 3000 ...","timestamp":"2019-07-11T07:49:20.713Z"}
{"level":"info","message":"Connected to mongodb://localhost/vidly_tests...","timestamp":"2019-07-11T07:49:20.863Z"}
{"level":"info","message":"Listening on port 3000 ...","timestamp":"2019-07-11T07:49:20.887Z"}
{"level":"info","message":"Connected to mongodb://localhost/vidly_tests...","timestamp":"2019-07-11T07:49:20.919Z"}
{"level":"info","message":"Connected to mongodb://localhost/vidly_tests...","timestamp":"2019-07-11T07:49:20.950Z"}
{"level":"info","message":"Listening on port 3000 ...","timestamp":"2019-07-11T07:49:20.937Z"}
{"level":"info","message":"Listening on port 3000 ...","timestamp":"2019-07-11T07:50:44.314Z"}
{"level":"info","message":"Connected to mongodb://localhost/vidly_tests...","timestamp":"2019-07-11T07:50:44.379Z"}
{"level":"info","message":"Listening on port 3000 ...","timestamp":"2019-07-11T07:50:44.391Z"}
{"level":"info","message":"Listening on port 3000 ...","timestamp":"2019-07-11T07:50:44.825Z"}
{"level":"info","message":"Connected to mongodb://localhost/vidly_tests...","timestamp":"2019-07-11T07:50:44.875Z"}
{"level":"info","message":"Connected to mongodb://localhost/vidly_tests...","timestamp":"2019-07-11T07:50:45.141Z"}
{"level":"info","message":"Listening on port 3000 ...","timestamp":"2019-07-11T07:52:16.660Z"}
{"level":"info","message":"Connected to mongodb://localhost/vidly_tests...","timestamp":"2019-07-11T07:52:16.741Z"}
{"level":"info","message":"Listening on port 3000 ...","timestamp":"2019-07-11T07:52:17.028Z"}
{"level":"info","message":"Connected to mongodb://localhost/vidly_tests...","timestamp":"2019-07-11T07:52:17.089Z"}
{"level":"info","message":"Listening on port 3000 ...","timestamp":"2019-07-11T07:52:17.218Z"}
{"level":"info","message":"Connected to mongodb://localhost/vidly_tests...","timestamp":"2019-07-11T07:52:17.338Z"}
{"level":"info","message":"Listening on port 3000 ...","timestamp":"2019-07-11T07:55:15.970Z"}
{"level":"info","message":"Connected to mongodb://localhost/vidly_tests...","timestamp":"2019-07-11T07:55:16.114Z"}
{"level":"info","message":"Listening on port 3000 ...","timestamp":"2019-07-11T07:55:16.307Z"}
{"level":"info","message":"Connected to mongodb://localhost/vidly_tests...","timestamp":"2019-07-11T07:55:16.366Z"}
{"level":"info","message":"Listening on port 3000 ...","timestamp":"2019-07-11T07:55:17.025Z"}
{"level":"info","message":"Connected to mongodb://localhost/vidly_tests...","timestamp":"2019-07-11T07:55:17.074Z"}
{"level":"info","message":"Listening on port 3000 ...","timestamp":"2019-07-11T07:57:55.764Z"}
{"level":"info","message":"Connected to mongodb://localhost/vidly_tests...","timestamp":"2019-07-11T07:57:55.880Z"}
{"level":"info","message":"Listening on port 3000 ...","timestamp":"2019-07-11T07:57:56.133Z"}
{"level":"info","message":"Connected to mongodb://localhost/vidly_tests...","timestamp":"2019-07-11T07:57:56.220Z"}
{"level":"info","message":"Listening on port 3000 ...","timestamp":"2019-07-11T07:57:56.746Z"}
{"level":"info","message":"Connected to mongodb://localhost/vidly_tests...","timestamp":"2019-07-11T07:57:56.826Z"}
{"level":"info","message":"Listening on port 3000 ...","timestamp":"2019-07-11T07:59:50.671Z"}
{"level":"info","message":"Connected to mongodb://localhost/vidly_tests...","timestamp":"2019-07-11T07:59:50.828Z"}
{"level":"info","message":"Listening on port 3000 ...","timestamp":"2019-07-11T07:59:50.909Z"}
{"level":"info","message":"Connected to mongodb://localhost/vidly_tests...","timestamp":"2019-07-11T07:59:50.987Z"}
{"level":"info","message":"Listening on port 3000 ...","timestamp":"2019-07-11T07:59:51.401Z"}
{"level":"info","message":"Connected to mongodb://localhost/vidly_tests...","timestamp":"2019-07-11T07:59:51.483Z"}
{"level":"info","message":"Listening on port 3000 ...","timestamp":"2019-07-11T08:01:10.266Z"}
{"level":"info","message":"Connected to mongodb://localhost/vidly_tests...","timestamp":"2019-07-11T08:01:10.362Z"}
{"level":"info","message":"Listening on port 3000 ...","timestamp":"2019-07-11T08:01:10.475Z"}
{"level":"info","message":"Listening on port 3000 ...","timestamp":"2019-07-11T08:01:10.747Z"}
{"level":"info","message":"Connected to mongodb://localhost/vidly_tests...","timestamp":"2019-07-11T08:01:10.834Z"}
{"level":"info","message":"Connected to mongodb://localhost/vidly_tests...","timestamp":"2019-07-11T08:01:11.113Z"}
{"level":"info","message":"Listening on port 3000 ...","timestamp":"2019-07-11T08:01:38.151Z"}
{"level":"info","message":"Connected to mongodb://localhost/vidly_tests...","timestamp":"2019-07-11T08:01:38.226Z"}
{"level":"info","message":"Listening on port 3000 ...","timestamp":"2019-07-11T08:01:38.349Z"}
{"level":"info","message":"Connected to mongodb://localhost/vidly_tests...","timestamp":"2019-07-11T08:01:38.501Z"}
{"level":"info","message":"Listening on port 3000 ...","timestamp":"2019-07-11T08:01:38.761Z"}
{"level":"info","message":"Connected to mongodb://localhost/vidly_tests...","timestamp":"2019-07-11T08:01:38.853Z"}
{"level":"info","message":"Listening on port 3000 ...","timestamp":"2019-07-11T08:04:37.979Z"}
{"level":"info","message":"Connected to mongodb://localhost/vidly_tests...","timestamp":"2019-07-11T08:04:38.129Z"}
{"level":"info","message":"Listening on port 3000 ...","timestamp":"2019-07-11T08:04:38.227Z"}
{"level":"info","message":"Connected to mongodb://localhost/vidly_tests...","timestamp":"2019-07-11T08:04:38.310Z"}
{"level":"info","message":"Listening on port 3000 ...","timestamp":"2019-07-11T08:04:38.812Z"}
{"level":"info","message":"Connected to mongodb://localhost/vidly_tests...","timestamp":"2019-07-11T08:04:38.881Z"}
{"level":"info","message":"Listening on port 3000 ...","timestamp":"2019-07-11T08:05:30.248Z"}
{"level":"info","message":"Connected to mongodb://localhost/vidly_tests...","timestamp":"2019-07-11T08:05:30.325Z"}
{"level":"info","message":"Listening on port 3000 ...","timestamp":"2019-07-11T08:05:30.365Z"}
{"level":"info","message":"Listening on port 3000 ...","timestamp":"2019-07-11T08:05:30.588Z"}
{"level":"info","message":"Connected to mongodb://localhost/vidly_tests...","timestamp":"2019-07-11T08:05:30.672Z"}
{"level":"info","message":"Connected to mongodb://localhost/vidly_tests...","timestamp":"2019-07-11T08:05:30.988Z"}
{"level":"info","message":"Listening on port 3000 ...","timestamp":"2019-07-11T08:08:07.406Z"}
{"level":"info","message":"Connected to mongodb://localhost/vidly_tests...","timestamp":"2019-07-11T08:08:07.559Z"}
{"level":"info","message":"Listening on port 3000 ...","timestamp":"2019-07-11T08:08:08.039Z"}
{"level":"info","message":"Connected to mongodb://localhost/vidly_tests...","timestamp":"2019-07-11T08:08:08.112Z"}
{"level":"info","message":"Listening on port 3000 ...","timestamp":"2019-07-11T08:08:08.379Z"}
{"level":"info","message":"Connected to mongodb://localhost/vidly_tests...","timestamp":"2019-07-11T08:08:08.431Z"}
{"level":"info","message":"Listening on port 3000 ...","timestamp":"2019-07-11T08:10:03.326Z"}
{"level":"info","message":"Connected to mongodb://localhost/vidly_tests...","timestamp":"2019-07-11T08:10:03.479Z"}
{"level":"info","message":"Listening on port 3000 ...","timestamp":"2019-07-11T08:10:03.544Z"}
{"level":"info","message":"Connected to mongodb://localhost/vidly_tests...","timestamp":"2019-07-11T08:10:03.637Z"}
{"level":"info","message":"Listening on port 3000 ...","timestamp":"2019-07-11T08:10:04.088Z"}
{"level":"info","message":"Connected to mongodb://localhost/vidly_tests...","timestamp":"2019-07-11T08:10:04.168Z"}
{"level":"info","message":"Listening on port 3000 ...","timestamp":"2019-07-11T08:12:53.085Z"}
{"level":"info","message":"Connected to mongodb://localhost/vidly_tests...","timestamp":"2019-07-11T08:12:53.218Z"}
{"level":"info","message":"Listening on port 3000 ...","timestamp":"2019-07-11T08:12:53.578Z"}
{"level":"info","message":"Connected to mongodb://localhost/vidly_tests...","timestamp":"2019-07-11T08:12:53.661Z"}
{"level":"info","message":"Connected to mongodb://localhost/vidly_tests...","timestamp":"2019-07-11T08:12:53.858Z"}
{"level":"info","message":"Listening on port 3000 ...","timestamp":"2019-07-11T08:12:53.875Z"}
{"level":"info","message":"Listening on port 3000 ...","timestamp":"2019-07-11T08:13:29.874Z"}
{"level":"info","message":"Connected to mongodb://localhost/vidly_tests...","timestamp":"2019-07-11T08:13:29.949Z"}
{"level":"info","message":"Listening on port 3000 ...","timestamp":"2019-07-11T08:13:29.905Z"}
{"level":"info","message":"Listening on port 3000 ...","timestamp":"2019-07-11T08:13:30.235Z"}
{"level":"info","message":"Connected to mongodb://localhost/vidly_tests...","timestamp":"2019-07-11T08:13:30.306Z"}
{"level":"info","message":"Connected to mongodb://localhost/vidly_tests...","timestamp":"2019-07-11T08:13:30.514Z"}
{"level":"info","message":"Listening on port 3000 ...","timestamp":"2019-07-11T08:16:13.220Z"}
{"level":"info","message":"Connected to mongodb://localhost/vidly_tests...","timestamp":"2019-07-11T08:16:13.295Z"}
{"level":"info","message":"Listening on port 3000 ...","timestamp":"2019-07-11T08:16:13.466Z"}
{"level":"info","message":"Connected to mongodb://localhost/vidly_tests...","timestamp":"2019-07-11T08:16:13.574Z"}
{"level":"info","message":"Listening on port 3000 ...","timestamp":"2019-07-11T08:16:13.603Z"}
{"level":"info","message":"Connected to mongodb://localhost/vidly_tests...","timestamp":"2019-07-11T08:16:13.682Z"}
{"level":"info","message":"Listening on port 3000 ...","timestamp":"2019-07-11T08:16:46.064Z"}
{"level":"info","message":"Connected to mongodb://localhost/vidly_tests...","timestamp":"2019-07-11T08:16:46.204Z"}
{"level":"info","message":"Listening on port 3000 ...","timestamp":"2019-07-11T08:16:46.218Z"}
{"level":"info","message":"Connected to mongodb://localhost/vidly_tests...","timestamp":"2019-07-11T08:16:46.294Z"}
{"level":"info","message":"Listening on port 3000 ...","timestamp":"2019-07-11T08:16:46.909Z"}
{"level":"info","message":"Connected to mongodb://localhost/vidly_tests...","timestamp":"2019-07-11T08:16:46.961Z"}
{"level":"info","message":"Listening on port 3000 ...","timestamp":"2019-07-11T08:19:17.487Z"}
{"level":"info","message":"Connected to mongodb://localhost/vidly_tests...","timestamp":"2019-07-11T08:19:17.591Z"}
{"level":"info","message":"Listening on port 3000 ...","timestamp":"2019-07-11T08:19:18.045Z"}
{"level":"info","message":"Connected to mongodb://localhost/vidly_tests...","timestamp":"2019-07-11T08:19:18.138Z"}
{"level":"info","message":"Connected to mongodb://localhost/vidly_tests...","timestamp":"2019-07-11T08:19:18.243Z"}
{"level":"info","message":"Listening on port 3000 ...","timestamp":"2019-07-11T08:19:18.255Z"}
{"level":"info","message":"Listening on port 3000 ...","timestamp":"2019-07-11T08:19:45.067Z"}
{"level":"info","message":"Connected to mongodb://localhost/vidly_tests...","timestamp":"2019-07-11T08:19:45.217Z"}
{"level":"info","message":"Connected to mongodb://localhost/vidly_tests...","timestamp":"2019-07-11T08:19:45.301Z"}
{"level":"info","message":"Listening on port 3000 ...","timestamp":"2019-07-11T08:19:45.323Z"}
{"level":"info","message":"Listening on port 3000 ...","timestamp":"2019-07-11T08:19:45.424Z"}
{"level":"info","message":"Connected to mongodb://localhost/vidly_tests...","timestamp":"2019-07-11T08:19:45.496Z"}
{"level":"info","message":"Listening on port 3000 ...","timestamp":"2019-07-11T08:20:07.939Z"}
{"level":"info","message":"Connected to mongodb://localhost/vidly_tests...","timestamp":"2019-07-11T08:20:08.057Z"}
{"level":"info","message":"Listening on port 3000 ...","timestamp":"2019-07-11T08:20:08.404Z"}
{"level":"info","message":"Connected to mongodb://localhost/vidly_tests...","timestamp":"2019-07-11T08:20:08.491Z"}
{"level":"info","message":"Listening on port 3000 ...","timestamp":"2019-07-11T08:20:08.954Z"}
{"level":"info","message":"Connected to mongodb://localhost/vidly_tests...","timestamp":"2019-07-11T08:20:09.014Z"}
{"level":"info","message":"Listening on port 3000 ...","timestamp":"2019-07-11T08:21:24.666Z"}
{"level":"info","message":"Connected to mongodb://localhost/vidly_tests...","timestamp":"2019-07-11T08:21:24.746Z"}
{"level":"info","message":"Listening on port 3000 ...","timestamp":"2019-07-11T08:21:25.155Z"}
{"level":"info","message":"Connected to mongodb://localhost/vidly_tests...","timestamp":"2019-07-11T08:21:25.310Z"}
{"level":"info","message":"Listening on port 3000 ...","timestamp":"2019-07-11T08:23:03.123Z"}
{"level":"info","message":"Connected to mongodb://localhost/vidly_tests...","timestamp":"2019-07-11T08:23:03.204Z"}
{"level":"info","message":"Listening on port 3000 ...","timestamp":"2019-07-11T08:23:03.466Z"}
{"level":"info","message":"Connected to mongodb://localhost/vidly_tests...","timestamp":"2019-07-11T08:23:03.613Z"}
{"level":"info","message":"Listening on port 3000 ...","timestamp":"2019-07-11T08:23:03.714Z"}
{"level":"info","message":"Connected to mongodb://localhost/vidly_tests...","timestamp":"2019-07-11T08:23:03.787Z"}
{"level":"info","message":"Listening on port 3000 ...","timestamp":"2019-07-11T08:23:54.528Z"}
{"level":"info","message":"Connected to mongodb://localhost/vidly_tests...","timestamp":"2019-07-11T08:23:54.658Z"}
{"level":"info","message":"Listening on port 3000 ...","timestamp":"2019-07-11T08:23:54.740Z"}
{"level":"info","message":"Connected to mongodb://localhost/vidly_tests...","timestamp":"2019-07-11T08:23:54.829Z"}
{"level":"info","message":"Listening on port 3000 ...","timestamp":"2019-07-11T08:23:55.259Z"}
{"level":"info","message":"Connected to mongodb://localhost/vidly_tests...","timestamp":"2019-07-11T08:23:55.340Z"}
{"level":"info","message":"Listening on port 3000 ...","timestamp":"2019-07-11T08:24:17.877Z"}
{"level":"info","message":"Connected to mongodb://localhost/vidly_tests...","timestamp":"2019-07-11T08:24:18.007Z"}
{"level":"info","message":"Listening on port 3000 ...","timestamp":"2019-07-11T08:24:18.227Z"}
{"level":"info","message":"Connected to mongodb://localhost/vidly_tests...","timestamp":"2019-07-11T08:24:18.292Z"}
{"level":"info","message":"Connected to mongodb://localhost/vidly_tests...","timestamp":"2019-07-11T08:24:18.398Z"}
{"level":"info","message":"Listening on port 3000 ...","timestamp":"2019-07-11T08:24:18.411Z"}
